<?xml version="1.0" encoding="UTF-8"?>
<!-- Generated by org.testng.reporters.JUnitReportReporter -->
<testsuite hostname="DESKTOP-Q0ODUAG" failures="0" tests="4" name="api.tests.UserTests" time="37.462" errors="0" timestamp="2024-03-11T11:25:26 IST" skipped="0">
  <testcase classname="api.tests.UserTests" name="testPostUser" time="32.006"/>
  <testcase classname="api.tests.UserTests" name="testReadUser" time="1.423"/>
  <testcase classname="api.tests.UserTests" name="testUpdateUser" time="2.725"/>
  <testcase classname="api.tests.UserTests" name="deleteUserByName" time="1.308"/>
</testsuite> <!-- api.tests.UserTests -->
